<?xml version="1.0" encoding="UTF-8"?>
<!-- Generated by org.testng.reporters.JUnitReportReporter -->
<testsuite hostname="DESKTOP-JHL12B1" failures="0" tests="1" name="tests.teleConE2ETest" time="90.741" errors="0" timestamp="2025-05-24T20:26:01 PDT" skipped="0">
  <testcase classname="tests.teleConE2ETest" name="medicoPositiveFlow" time="90.741"/>
</testsuite> <!-- tests.teleConE2ETest -->
