<?xml version="1.0" encoding="UTF-8"?>
<!-- Generated by org.testng.reporters.JUnitReportReporter -->
<testsuite hostname="DESKTOP-JHL12B1" failures="0" tests="1" name="tests.TemporaryTest" time="9.351" errors="0" timestamp="2025-06-13T12:52:49 IST" skipped="0">
  <testcase classname="tests.TemporaryTest" name="medicoPositiveFlow" time="9.351"/>
</testsuite> <!-- tests.TemporaryTest -->
