<?xml version="1.0" encoding="UTF-8"?>
<!-- Generated by org.testng.reporters.JUnitReportReporter -->
<testsuite hostname="DESKTOP-JHL12B1" failures="0" tests="1" name="tests.TeleConE2ETest" time="363.885" errors="0" timestamp="2025-06-13T13:48:14 IST" skipped="0">
  <testcase classname="tests.TeleConE2ETest" name="medicoPositiveFlow" time="363.885"/>
</testsuite> <!-- tests.TeleConE2ETest -->
