<?xml version="1.0" encoding="UTF-8"?>
<!-- Generated by org.testng.reporters.JUnitReportReporter -->
<testsuite hostname="LAPTOP-VM9OBF6R" failures="0" tests="1" name="tests.teleConE2ETest" time="122.799" errors="0" timestamp="2025-05-20T11:54:13 IST" skipped="0">
  <testcase classname="tests.teleConE2ETest" name="medicoPositiveFlow" time="122.799"/>
</testsuite> <!-- tests.teleConE2ETest -->
