<?xml version="1.0" encoding="UTF-8"?>
<!-- Generated by org.testng.reporters.JUnitReportReporter -->
<testsuite hostname="DESKTOP-JHL12B1" failures="0" tests="1" name="tests.MocaTest" time="19.063" errors="0" timestamp="2025-06-12T20:31:45 IST" skipped="0">
  <testcase classname="tests.MocaTest" name="medicoPositiveFlow" time="19.063"/>
</testsuite> <!-- tests.MocaTest -->
